2025-12-13 16:02:57,112 - MainThread - sqlmesh.core.config.connection - INFO - Creating new DuckDB adapter for data files: {'./warehouse.db'} (connection.py:492)
2025-12-13 16:02:58,716 - MainThread - sqlmesh.core.config.connection - INFO - Using existing DuckDB adapter due to overlapping data file: ./warehouse.db (connection.py:482)
2025-12-13 16:02:58,801 - MainThread - sqlmesh.core.state_sync.db.migrator - INFO - Applying migration <module 'sqlmesh.migrations.v0000_baseline' from 'B:\\GitHub Repository\\Marketing-And-Ecommerce-ELT\\.venv\\Lib\\site-packages\\sqlmesh\\migrations\\v0000_baseline.py'> (migrator.py:185)
2025-12-13 16:02:58,847 - MainThread - sqlmesh.core.state_sync.db.migrator - INFO - Applying migration <module 'sqlmesh.migrations.v0061_mysql_fix_blob_text_type' from 'B:\\GitHub Repository\\Marketing-And-Ecommerce-ELT\\.venv\\Lib\\site-packages\\sqlmesh\\migrations\\v0061_mysql_fix_blob_text_type.py'> (migrator.py:185)
2025-12-13 16:02:58,848 - MainThread - sqlmesh.core.state_sync.db.migrator - INFO - Applying migration <module 'sqlmesh.migrations.v0062_add_model_gateway' from 'B:\\GitHub Repository\\Marketing-And-Ecommerce-ELT\\.venv\\Lib\\site-packages\\sqlmesh\\migrations\\v0062_add_model_gateway.py'> (migrator.py:185)
2025-12-13 16:02:58,848 - MainThread - sqlmesh.core.state_sync.db.migrator - INFO - Applying migration <module 'sqlmesh.migrations.v0063_change_signals' from 'B:\\GitHub Repository\\Marketing-And-Ecommerce-ELT\\.venv\\Lib\\site-packages\\sqlmesh\\migrations\\v0063_change_signals.py'> (migrator.py:185)
2025-12-13 16:02:58,848 - MainThread - sqlmesh.core.state_sync.db.migrator - INFO - Applying migration <module 'sqlmesh.migrations.v0064_join_when_matched_strings' from 'B:\\GitHub Repository\\Marketing-And-Ecommerce-ELT\\.venv\\Lib\\site-packages\\sqlmesh\\migrations\\v0064_join_when_matched_strings.py'> (migrator.py:185)
2025-12-13 16:02:58,848 - MainThread - sqlmesh.core.state_sync.db.migrator - INFO - Applying migration <module 'sqlmesh.migrations.v0065_add_model_optimize' from 'B:\\GitHub Repository\\Marketing-And-Ecommerce-ELT\\.venv\\Lib\\site-packages\\sqlmesh\\migrations\\v0065_add_model_optimize.py'> (migrator.py:185)
2025-12-13 16:02:58,848 - MainThread - sqlmesh.core.state_sync.db.migrator - INFO - Applying migration <module 'sqlmesh.migrations.v0066_add_auto_restatements' from 'B:\\GitHub Repository\\Marketing-And-Ecommerce-ELT\\.venv\\Lib\\site-packages\\sqlmesh\\migrations\\v0066_add_auto_restatements.py'> (migrator.py:185)
2025-12-13 16:02:58,857 - MainThread - sqlmesh.core.state_sync.db.migrator - INFO - Applying migration <module 'sqlmesh.migrations.v0067_add_tsql_date_full_precision' from 'B:\\GitHub Repository\\Marketing-And-Ecommerce-ELT\\.venv\\Lib\\site-packages\\sqlmesh\\migrations\\v0067_add_tsql_date_full_precision.py'> (migrator.py:185)
2025-12-13 16:02:58,858 - MainThread - sqlmesh.core.state_sync.db.migrator - INFO - Applying migration <module 'sqlmesh.migrations.v0068_include_unrendered_query_in_metadata_hash' from 'B:\\GitHub Repository\\Marketing-And-Ecommerce-ELT\\.venv\\Lib\\site-packages\\sqlmesh\\migrations\\v0068_include_unrendered_query_in_metadata_hash.py'> (migrator.py:185)
2025-12-13 16:02:58,858 - MainThread - sqlmesh.core.state_sync.db.migrator - INFO - Applying migration <module 'sqlmesh.migrations.v0069_update_dev_table_suffix' from 'B:\\GitHub Repository\\Marketing-And-Ecommerce-ELT\\.venv\\Lib\\site-packages\\sqlmesh\\migrations\\v0069_update_dev_table_suffix.py'> (migrator.py:185)
2025-12-13 16:02:58,858 - MainThread - sqlmesh.core.state_sync.db.migrator - INFO - Applying migration <module 'sqlmesh.migrations.v0070_include_grains_in_metadata_hash' from 'B:\\GitHub Repository\\Marketing-And-Ecommerce-ELT\\.venv\\Lib\\site-packages\\sqlmesh\\migrations\\v0070_include_grains_in_metadata_hash.py'> (migrator.py:185)
2025-12-13 16:02:58,858 - MainThread - sqlmesh.core.state_sync.db.migrator - INFO - Applying migration <module 'sqlmesh.migrations.v0071_add_dev_version_to_intervals' from 'B:\\GitHub Repository\\Marketing-And-Ecommerce-ELT\\.venv\\Lib\\site-packages\\sqlmesh\\migrations\\v0071_add_dev_version_to_intervals.py'> (migrator.py:185)
2025-12-13 16:02:58,861 - MainThread - sqlmesh.core.state_sync.db.migrator - INFO - Applying migration <module 'sqlmesh.migrations.v0072_add_environment_statements' from 'B:\\GitHub Repository\\Marketing-And-Ecommerce-ELT\\.venv\\Lib\\site-packages\\sqlmesh\\migrations\\v0072_add_environment_statements.py'> (migrator.py:185)
2025-12-13 16:02:58,869 - MainThread - sqlmesh.core.state_sync.db.migrator - INFO - Applying migration <module 'sqlmesh.migrations.v0073_remove_symbolic_disable_restatement' from 'B:\\GitHub Repository\\Marketing-And-Ecommerce-ELT\\.venv\\Lib\\site-packages\\sqlmesh\\migrations\\v0073_remove_symbolic_disable_restatement.py'> (migrator.py:185)
2025-12-13 16:02:58,869 - MainThread - sqlmesh.core.state_sync.db.migrator - INFO - Applying migration <module 'sqlmesh.migrations.v0074_add_partition_by_time_column_property' from 'B:\\GitHub Repository\\Marketing-And-Ecommerce-ELT\\.venv\\Lib\\site-packages\\sqlmesh\\migrations\\v0074_add_partition_by_time_column_property.py'> (migrator.py:185)
2025-12-13 16:02:58,869 - MainThread - sqlmesh.core.state_sync.db.migrator - INFO - Applying migration <module 'sqlmesh.migrations.v0075_remove_validate_query' from 'B:\\GitHub Repository\\Marketing-And-Ecommerce-ELT\\.venv\\Lib\\site-packages\\sqlmesh\\migrations\\v0075_remove_validate_query.py'> (migrator.py:185)
2025-12-13 16:02:58,869 - MainThread - sqlmesh.core.state_sync.db.migrator - INFO - Applying migration <module 'sqlmesh.migrations.v0076_add_cron_tz' from 'B:\\GitHub Repository\\Marketing-And-Ecommerce-ELT\\.venv\\Lib\\site-packages\\sqlmesh\\migrations\\v0076_add_cron_tz.py'> (migrator.py:185)
2025-12-13 16:02:58,870 - MainThread - sqlmesh.core.state_sync.db.migrator - INFO - Applying migration <module 'sqlmesh.migrations.v0077_fix_column_type_hash_calculation' from 'B:\\GitHub Repository\\Marketing-And-Ecommerce-ELT\\.venv\\Lib\\site-packages\\sqlmesh\\migrations\\v0077_fix_column_type_hash_calculation.py'> (migrator.py:185)
2025-12-13 16:02:58,870 - MainThread - sqlmesh.core.state_sync.db.migrator - INFO - Applying migration <module 'sqlmesh.migrations.v0078_warn_if_non_migratable_python_env' from 'B:\\GitHub Repository\\Marketing-And-Ecommerce-ELT\\.venv\\Lib\\site-packages\\sqlmesh\\migrations\\v0078_warn_if_non_migratable_python_env.py'> (migrator.py:185)
2025-12-13 16:02:58,870 - MainThread - sqlmesh.core.state_sync.db.migrator - INFO - Applying migration <module 'sqlmesh.migrations.v0079_add_gateway_managed_property' from 'B:\\GitHub Repository\\Marketing-And-Ecommerce-ELT\\.venv\\Lib\\site-packages\\sqlmesh\\migrations\\v0079_add_gateway_managed_property.py'> (migrator.py:185)
2025-12-13 16:02:58,873 - MainThread - sqlmesh.core.state_sync.db.migrator - INFO - Applying migration <module 'sqlmesh.migrations.v0080_add_batch_size_to_scd_type_2_models' from 'B:\\GitHub Repository\\Marketing-And-Ecommerce-ELT\\.venv\\Lib\\site-packages\\sqlmesh\\migrations\\v0080_add_batch_size_to_scd_type_2_models.py'> (migrator.py:185)
2025-12-13 16:02:58,874 - MainThread - sqlmesh.core.state_sync.db.migrator - INFO - Applying migration <module 'sqlmesh.migrations.v0081_update_partitioned_by' from 'B:\\GitHub Repository\\Marketing-And-Ecommerce-ELT\\.venv\\Lib\\site-packages\\sqlmesh\\migrations\\v0081_update_partitioned_by.py'> (migrator.py:185)
2025-12-13 16:02:58,874 - MainThread - sqlmesh.core.state_sync.db.migrator - INFO - Applying migration <module 'sqlmesh.migrations.v0082_warn_if_incorrectly_duplicated_statements' from 'B:\\GitHub Repository\\Marketing-And-Ecommerce-ELT\\.venv\\Lib\\site-packages\\sqlmesh\\migrations\\v0082_warn_if_incorrectly_duplicated_statements.py'> (migrator.py:185)
2025-12-13 16:02:58,874 - MainThread - sqlmesh.core.state_sync.db.migrator - INFO - Applying migration <module 'sqlmesh.migrations.v0083_use_sql_for_scd_time_data_type_data_hash' from 'B:\\GitHub Repository\\Marketing-And-Ecommerce-ELT\\.venv\\Lib\\site-packages\\sqlmesh\\migrations\\v0083_use_sql_for_scd_time_data_type_data_hash.py'> (migrator.py:185)
2025-12-13 16:02:58,874 - MainThread - sqlmesh.core.state_sync.db.migrator - INFO - Applying migration <module 'sqlmesh.migrations.v0084_normalize_quote_when_matched_and_merge_filter' from 'B:\\GitHub Repository\\Marketing-And-Ecommerce-ELT\\.venv\\Lib\\site-packages\\sqlmesh\\migrations\\v0084_normalize_quote_when_matched_and_merge_filter.py'> (migrator.py:185)
2025-12-13 16:02:58,874 - MainThread - sqlmesh.core.state_sync.db.migrator - INFO - Applying migration <module 'sqlmesh.migrations.v0085_deterministic_repr' from 'B:\\GitHub Repository\\Marketing-And-Ecommerce-ELT\\.venv\\Lib\\site-packages\\sqlmesh\\migrations\\v0085_deterministic_repr.py'> (migrator.py:185)
2025-12-13 16:02:58,874 - MainThread - sqlmesh.core.state_sync.db.migrator - INFO - Applying migration <module 'sqlmesh.migrations.v0086_check_deterministic_bug' from 'B:\\GitHub Repository\\Marketing-And-Ecommerce-ELT\\.venv\\Lib\\site-packages\\sqlmesh\\migrations\\v0086_check_deterministic_bug.py'> (migrator.py:185)
2025-12-13 16:02:58,874 - MainThread - sqlmesh.core.state_sync.db.migrator - INFO - Applying migration <module 'sqlmesh.migrations.v0087_normalize_blueprint_variables' from 'B:\\GitHub Repository\\Marketing-And-Ecommerce-ELT\\.venv\\Lib\\site-packages\\sqlmesh\\migrations\\v0087_normalize_blueprint_variables.py'> (migrator.py:185)
2025-12-13 16:02:58,874 - MainThread - sqlmesh.core.state_sync.db.migrator - INFO - Applying migration <module 'sqlmesh.migrations.v0088_warn_about_variable_python_env_diffs' from 'B:\\GitHub Repository\\Marketing-And-Ecommerce-ELT\\.venv\\Lib\\site-packages\\sqlmesh\\migrations\\v0088_warn_about_variable_python_env_diffs.py'> (migrator.py:185)
2025-12-13 16:02:58,874 - MainThread - sqlmesh.core.state_sync.db.migrator - INFO - Applying migration <module 'sqlmesh.migrations.v0089_add_virtual_environment_mode' from 'B:\\GitHub Repository\\Marketing-And-Ecommerce-ELT\\.venv\\Lib\\site-packages\\sqlmesh\\migrations\\v0089_add_virtual_environment_mode.py'> (migrator.py:185)
2025-12-13 16:02:58,874 - MainThread - sqlmesh.core.state_sync.db.migrator - INFO - Applying migration <module 'sqlmesh.migrations.v0090_add_forward_only_column' from 'B:\\GitHub Repository\\Marketing-And-Ecommerce-ELT\\.venv\\Lib\\site-packages\\sqlmesh\\migrations\\v0090_add_forward_only_column.py'> (migrator.py:185)
2025-12-13 16:02:58,877 - MainThread - sqlmesh.core.state_sync.db.migrator - INFO - Applying migration <module 'sqlmesh.migrations.v0091_on_additive_change' from 'B:\\GitHub Repository\\Marketing-And-Ecommerce-ELT\\.venv\\Lib\\site-packages\\sqlmesh\\migrations\\v0091_on_additive_change.py'> (migrator.py:185)
2025-12-13 16:02:58,877 - MainThread - sqlmesh.core.state_sync.db.migrator - INFO - Applying migration <module 'sqlmesh.migrations.v0092_warn_about_dbt_data_type_diff' from 'B:\\GitHub Repository\\Marketing-And-Ecommerce-ELT\\.venv\\Lib\\site-packages\\sqlmesh\\migrations\\v0092_warn_about_dbt_data_type_diff.py'> (migrator.py:185)
2025-12-13 16:02:58,877 - MainThread - sqlmesh.core.state_sync.db.migrator - INFO - Applying migration <module 'sqlmesh.migrations.v0093_use_raw_sql_in_fingerprint' from 'B:\\GitHub Repository\\Marketing-And-Ecommerce-ELT\\.venv\\Lib\\site-packages\\sqlmesh\\migrations\\v0093_use_raw_sql_in_fingerprint.py'> (migrator.py:185)
2025-12-13 16:02:58,877 - MainThread - sqlmesh.core.state_sync.db.migrator - INFO - Applying migration <module 'sqlmesh.migrations.v0094_add_dev_version_and_fingerprint_columns' from 'B:\\GitHub Repository\\Marketing-And-Ecommerce-ELT\\.venv\\Lib\\site-packages\\sqlmesh\\migrations\\v0094_add_dev_version_and_fingerprint_columns.py'> (migrator.py:185)
2025-12-13 16:02:58,885 - MainThread - sqlmesh.core.state_sync.db.migrator - INFO - Applying migration <module 'sqlmesh.migrations.v0095_warn_about_dbt_raw_sql_diff' from 'B:\\GitHub Repository\\Marketing-And-Ecommerce-ELT\\.venv\\Lib\\site-packages\\sqlmesh\\migrations\\v0095_warn_about_dbt_raw_sql_diff.py'> (migrator.py:185)
2025-12-13 16:02:58,885 - MainThread - sqlmesh.core.state_sync.db.migrator - INFO - Applying migration <module 'sqlmesh.migrations.v0096_remove_plan_dags_table' from 'B:\\GitHub Repository\\Marketing-And-Ecommerce-ELT\\.venv\\Lib\\site-packages\\sqlmesh\\migrations\\v0096_remove_plan_dags_table.py'> (migrator.py:185)
2025-12-13 16:02:58,886 - MainThread - sqlmesh.core.state_sync.db.migrator - INFO - Applying migration <module 'sqlmesh.migrations.v0097_add_dbt_name_in_node' from 'B:\\GitHub Repository\\Marketing-And-Ecommerce-ELT\\.venv\\Lib\\site-packages\\sqlmesh\\migrations\\v0097_add_dbt_name_in_node.py'> (migrator.py:185)
2025-12-13 16:02:58,887 - MainThread - sqlmesh.core.state_sync.db.migrator - INFO - Applying migration <module 'sqlmesh.migrations.v0098_add_dbt_node_info_in_node' from 'B:\\GitHub Repository\\Marketing-And-Ecommerce-ELT\\.venv\\Lib\\site-packages\\sqlmesh\\migrations\\v0098_add_dbt_node_info_in_node.py'> (migrator.py:185)
2025-12-13 16:02:58,887 - MainThread - sqlmesh.core.state_sync.db.migrator - INFO - Applying migration <module 'sqlmesh.migrations.v0099_add_last_altered_to_intervals' from 'B:\\GitHub Repository\\Marketing-And-Ecommerce-ELT\\.venv\\Lib\\site-packages\\sqlmesh\\migrations\\v0099_add_last_altered_to_intervals.py'> (migrator.py:185)
2025-12-13 16:02:58,889 - MainThread - sqlmesh.core.state_sync.db.migrator - INFO - Applying migration <module 'sqlmesh.migrations.v0100_add_grants_and_grants_target_layer' from 'B:\\GitHub Repository\\Marketing-And-Ecommerce-ELT\\.venv\\Lib\\site-packages\\sqlmesh\\migrations\\v0100_add_grants_and_grants_target_layer.py'> (migrator.py:185)
2025-12-13 16:02:58,891 - MainThread - sqlmesh.core.state_sync.db.migrator - INFO - Fetching environments (migrator.py:207)
2025-12-13 16:02:58,900 - MainThread - sqlmesh.core.state_sync.db.migrator - INFO - Migrating snapshot rows... (migrator.py:224)
2025-12-13 16:02:58,903 - MainThread - sqlmesh.core.state_sync.db.migrator - INFO - No changes to snapshots detected (migrator.py:217)
2025-12-13 16:03:05,071 - MainThread - sqlmesh.core.plan.evaluator - INFO - Evaluating plan stage CreateSnapshotRecordsStage (evaluator.py:123)
2025-12-13 16:03:05,113 - MainThread - sqlmesh.core.plan.evaluator - INFO - Evaluating plan stage PhysicalLayerSchemaCreationStage (evaluator.py:123)
2025-12-13 16:03:05,115 - MainThread - sqlmesh.core.snapshot.evaluator - INFO - Creating schema 'warehouse.sqlmesh__datamarketingseeds' (evaluator.py:1449)
2025-12-13 16:03:05,117 - MainThread - sqlmesh.core.engine_adapter.base - INFO - Executing SQL: /* SQLMESH_PLAN: 505e7440f09a4367b6e12de08515620a */ CREATE SCHEMA IF NOT EXISTS "warehouse"."sqlmesh__datamarketingseeds" (base.py:2619)
2025-12-13 16:03:05,118 - MainThread - sqlmesh.core.plan.evaluator - INFO - Evaluating plan stage BackfillStage (evaluator.py:123)
2025-12-13 16:03:05,123 - MainThread - sqlmesh.core.snapshot.evaluator - INFO - Listing data objects in schema warehouse.sqlmesh__datamarketingseeds (evaluator.py:1616)
2025-12-13 16:03:05,123 - MainThread - sqlmesh.core.engine_adapter.base - INFO - Executing SQL: /* SQLMESH_PLAN: 505e7440f09a4367b6e12de08515620a */ SELECT CURRENT_CATALOG() (base.py:2619)
2025-12-13 16:03:05,124 - MainThread - sqlmesh.core.engine_adapter.base - INFO - Executing SQL: /* SQLMESH_PLAN: 505e7440f09a4367b6e12de08515620a */ SELECT CURRENT_CATALOG() (base.py:2619)
2025-12-13 16:03:05,127 - MainThread - sqlmesh.core.engine_adapter.base - INFO - Executing SQL: /* SQLMESH_PLAN: 505e7440f09a4367b6e12de08515620a */ SELECT table_name AS name, table_schema AS schema, CASE table_type WHEN 'BASE TABLE' THEN 'table' WHEN 'VIEW' THEN 'view' WHEN 'LOCAL TEMPORARY' THEN 'table' END AS type FROM system.information_schema.tables WHERE (table_catalog = 'warehouse' AND table_schema = 'sqlmesh__datamarketingseeds') AND table_name IN ('datamarketingseeds__campaigns__1649096807', 'datamarketingseeds__products__1022346861') (base.py:2619)
2025-12-13 16:03:05,140 - MainThread - sqlmesh.core.snapshot.evaluator - INFO - Evaluating snapshot SnapshotId<"warehouse"."datamarketingseeds"."campaigns": 1156387149> (evaluator.py:711)
2025-12-13 16:03:05,142 - MainThread - sqlmesh.core.snapshot.evaluator - INFO - Creating table 'warehouse.sqlmesh__datamarketingseeds.datamarketingseeds__campaigns__1649096807' (evaluator.py:2042)
2025-12-13 16:03:05,143 - MainThread - sqlmesh.core.engine_adapter.base - INFO - Executing SQL: /* SQLMESH_PLAN: 505e7440f09a4367b6e12de08515620a */ SELECT CURRENT_CATALOG() (base.py:2619)
2025-12-13 16:03:05,146 - MainThread - sqlmesh.core.engine_adapter.base - INFO - Executing SQL: /* SQLMESH_PLAN: 505e7440f09a4367b6e12de08515620a */ SELECT type FROM DUCKDB_DATABASES() WHERE database_name = 'warehouse' (base.py:2619)
2025-12-13 16:03:05,152 - MainThread - sqlmesh.core.engine_adapter.base - INFO - Executing SQL: /* SQLMESH_PLAN: 505e7440f09a4367b6e12de08515620a */ CREATE TABLE IF NOT EXISTS "warehouse"."sqlmesh__datamarketingseeds"."datamarketingseeds__campaigns__1649096807" ("campaign_id" INT, "channel" TEXT, "objective" TEXT, "starting_date" DATE, "end_date" DATE, "target_segment" TEXT, "expected_uplift" REAL) (base.py:2619)
2025-12-13 16:03:05,156 - MainThread - sqlmesh.core.engine_adapter.base - INFO - Executing SQL: /* SQLMESH_PLAN: 505e7440f09a4367b6e12de08515620a */ DROP TABLE IF EXISTS "warehouse"."sqlmesh__datamarketingseeds"."datamarketingseeds__campaigns__1649096807" (base.py:2619)
2025-12-13 16:03:05,159 - MainThread - sqlmesh.core.snapshot.evaluator - INFO - Evaluating snapshot SnapshotId<"warehouse"."datamarketingseeds"."products": 457215028> (evaluator.py:711)
2025-12-13 16:03:05,160 - MainThread - sqlmesh.core.snapshot.evaluator - INFO - Creating table 'warehouse.sqlmesh__datamarketingseeds.datamarketingseeds__products__1022346861' (evaluator.py:2042)
2025-12-13 16:03:05,162 - MainThread - sqlmesh.core.engine_adapter.base - INFO - Executing SQL: /* SQLMESH_PLAN: 505e7440f09a4367b6e12de08515620a */ SELECT CURRENT_CATALOG() (base.py:2619)
2025-12-13 16:03:05,164 - MainThread - sqlmesh.core.engine_adapter.base - INFO - Executing SQL: /* SQLMESH_PLAN: 505e7440f09a4367b6e12de08515620a */ SELECT type FROM DUCKDB_DATABASES() WHERE database_name = 'warehouse' (base.py:2619)
2025-12-13 16:03:05,168 - MainThread - sqlmesh.core.engine_adapter.base - INFO - Executing SQL: /* SQLMESH_PLAN: 505e7440f09a4367b6e12de08515620a */ CREATE TABLE IF NOT EXISTS "warehouse"."sqlmesh__datamarketingseeds"."datamarketingseeds__products__1022346861" ("product_id" INT, "category" TEXT, "brand" TEXT, "base_price" REAL, "launch_date" DATE, "is_premium" INT) (base.py:2619)
2025-12-13 16:03:05,229 - MainThread - sqlmesh.core.engine_adapter.base - INFO - Executing SQL: /* SQLMESH_PLAN: 505e7440f09a4367b6e12de08515620a */ SELECT CURRENT_CATALOG() (base.py:2619)
2025-12-13 16:03:05,237 - MainThread - sqlmesh.core.engine_adapter.base - INFO - Executing SQL: /* SQLMESH_PLAN: 505e7440f09a4367b6e12de08515620a */ SELECT CURRENT_CATALOG() (base.py:2619)
2025-12-13 16:03:05,242 - MainThread - sqlmesh.core.engine_adapter.base - INFO - Executing SQL: /* SQLMESH_PLAN: 505e7440f09a4367b6e12de08515620a */ SELECT table_name AS name, table_schema AS schema, CASE table_type WHEN 'BASE TABLE' THEN 'table' WHEN 'VIEW' THEN 'view' WHEN 'LOCAL TEMPORARY' THEN 'table' END AS type FROM system.information_schema.tables WHERE (table_catalog = 'warehouse' AND table_schema = 'sqlmesh__datamarketingseeds') AND table_name IN ('datamarketingseeds__products__1022346861') (base.py:2619)
2025-12-13 16:03:05,274 - MainThread - sqlmesh.core.engine_adapter.base - INFO - Executing SQL: /* SQLMESH_PLAN: 505e7440f09a4367b6e12de08515620a */ SELECT CURRENT_CATALOG() (base.py:2619)
2025-12-13 16:03:05,276 - MainThread - sqlmesh.core.engine_adapter.base - INFO - Executing SQL: /* SQLMESH_PLAN: 505e7440f09a4367b6e12de08515620a */ SELECT type FROM DUCKDB_DATABASES() WHERE database_name = 'warehouse' (base.py:2619)
2025-12-13 16:03:05,282 - MainThread - sqlmesh.core.engine_adapter.base - INFO - Executing SQL: /* SQLMESH_PLAN: 505e7440f09a4367b6e12de08515620a */ CREATE OR REPLACE TABLE "warehouse"."sqlmesh__datamarketingseeds"."datamarketingseeds__products__1022346861" AS SELECT CAST("product_id" AS INT) AS "product_id", CAST("category" AS TEXT) AS "category", CAST("brand" AS TEXT) AS "brand", CAST("base_price" AS REAL) AS "base_price", CAST("launch_date" AS DATE) AS "launch_date", CAST("is_premium" AS INT) AS "is_premium" FROM (SELECT "product_id", "category", "brand", "base_price", "launch_date", "is_premium" FROM "warehouse"."sqlmesh__datamarketingseeds"."__temp_datamarketingseeds__products__1022346861_eeur3fvq") AS "_subquery" (base.py:2619)
2025-12-13 16:03:05,286 - MainThread - sqlmesh.core.engine_adapter.base - INFO - Executing SQL: /* SQLMESH_PLAN: 505e7440f09a4367b6e12de08515620a */ DROP TABLE IF EXISTS "warehouse"."sqlmesh__datamarketingseeds"."__temp_datamarketingseeds__products__1022346861_eeur3fvq" (base.py:2619)
2025-12-13 16:03:05,362 - MainThread - sqlmesh.core.engine_adapter.base - INFO - Executing SQL: /* SQLMESH_PLAN: 505e7440f09a4367b6e12de08515620a */ INSERT INTO "warehouse"."sqlmesh__datamarketingseeds"."datamarketingseeds__products__1022346861" ("product_id", "category", "brand", "base_price", "launch_date", "is_premium") SELECT "product_id", "category", "brand", "base_price", "launch_date", "is_premium" FROM "warehouse"."sqlmesh__datamarketingseeds"."__temp_datamarketingseeds__products__1022346861_vdew4t8k" (base.py:2619)
2025-12-13 16:03:05,369 - MainThread - sqlmesh.core.engine_adapter.base - INFO - Executing SQL: /* SQLMESH_PLAN: 505e7440f09a4367b6e12de08515620a */ DROP TABLE IF EXISTS "warehouse"."sqlmesh__datamarketingseeds"."__temp_datamarketingseeds__products__1022346861_vdew4t8k" (base.py:2619)
2025-12-13 16:03:05,372 - MainThread - sqlmesh.core.state_sync.db.facade - INFO - Adding interval (2025-12-12 00:00:00, 2025-12-13 00:00:00) for snapshot SnapshotId<"warehouse"."datamarketingseeds"."products": 457215028> (facade.py:637)
2025-12-13 16:03:05,372 - MainThread - sqlmesh.core.state_sync.db.interval - INFO - Pushing intervals for snapshot SnapshotId<"warehouse"."datamarketingseeds"."products": 457215028> (interval.py:215)
2025-12-13 16:03:05,406 - MainThread - sqlmesh.core.scheduler - INFO - Execution failed for node EvaluateNode(snapshot_name='"warehouse"."datamarketingseeds"."campaigns"', interval=(1765497600000, 1765584000000), batch_index=0) (scheduler.py:618)
Traceback (most recent call last):
  File "B:\GitHub Repository\Marketing-And-Ecommerce-ELT\.venv\Lib\site-packages\sqlmesh\utils\concurrency.py", line 234, in sequential_apply_to_dag
    fn(node)
    ~~^^^^^^
  File "B:\GitHub Repository\Marketing-And-Ecommerce-ELT\.venv\Lib\site-packages\sqlmesh\core\scheduler.py", line 554, in run_node
    audit_results = self.evaluate(
        snapshot=snapshot,
    ...<9 lines>...
        selected_models=selected_models,
    )
  File "B:\GitHub Repository\Marketing-And-Ecommerce-ELT\.venv\Lib\site-packages\sqlmesh\core\scheduler.py", line 229, in evaluate
    wap_id = self.snapshot_evaluator.evaluate(
        snapshot,
    ...<9 lines>...
        **kwargs,
    )
  File "B:\GitHub Repository\Marketing-And-Ecommerce-ELT\.venv\Lib\site-packages\sqlmesh\core\snapshot\evaluator.py", line 186, in evaluate
    result = self._evaluate_snapshot(
        start=start,
    ...<9 lines>...
        **kwargs,
    )
  File "B:\GitHub Repository\Marketing-And-Ecommerce-ELT\.venv\Lib\site-packages\sqlmesh\core\snapshot\evaluator.py", line 791, in _evaluate_snapshot
    self._execute_create(
    ~~~~~~~~~~~~~~~~~~~~^
        snapshot=snapshot,
        ^^^^^^^^^^^^^^^^^^
    ...<6 lines>...
        run_pre_post_statements=False,
        ^^^^^^^^^^^^^^^^^^^^^^^^^^^^^^
    )
    ^
  File "B:\GitHub Repository\Marketing-And-Ecommerce-ELT\.venv\Lib\site-packages\sqlmesh\core\snapshot\evaluator.py", line 1496, in _execute_create
    evaluation_strategy.create(
    ~~~~~~~~~~~~~~~~~~~~~~~~~~^
        table_name=table_name,
        ^^^^^^^^^^^^^^^^^^^^^^
    ...<9 lines>...
        deployability_index=deployability_index,
        ^^^^^^^^^^^^^^^^^^^^^^^^^^^^^^^^^^^^^^^^
    )
    ^
  File "B:\GitHub Repository\Marketing-And-Ecommerce-ELT\.venv\Lib\site-packages\sqlmesh\core\snapshot\evaluator.py", line 2452, in create
    for index, df in enumerate(model.render_seed()):
                     ~~~~~~~~~^^^^^^^^^^^^^^^^^^^^^
  File "B:\GitHub Repository\Marketing-And-Ecommerce-ELT\.venv\Lib\site-packages\sqlmesh\core\model\definition.py", line 1713, in render_seed
    raise_config_error(
    ~~~~~~~~~~~~~~~~~~^
        f"Seed model '{self.name}' has missing columns: {missing_columns}", self._path
        ^^^^^^^^^^^^^^^^^^^^^^^^^^^^^^^^^^^^^^^^^^^^^^^^^^^^^^^^^^^^^^^^^^^^^^^^^^^^^^
    )
    ^
  File "B:\GitHub Repository\Marketing-And-Ecommerce-ELT\.venv\Lib\site-packages\sqlmesh\utils\errors.py", line 226, in raise_config_error
    raise error_type(f"{msg} at '{location}'", location)
sqlmesh.utils.errors.ConfigError: Seed model 'datamarketingseeds.campaigns' has missing columns: {'starting_date'} at 'B:\GitHub Repository\Marketing-And-Ecommerce-ELT\models\campaigns_seeds.sql'

The above exception was the direct cause of the following exception:

sqlmesh.utils.concurrency.NodeExecutionFailedError: Execution failed for node EvaluateNode(snapshot_name='"warehouse"."datamarketingseeds"."campaigns"', interval=(1765497600000, 1765584000000), batch_index=0)
2025-12-13 16:03:05,523 - MainThread - sqlmesh.core.context - INFO - Plan application failed. (context.py:1772)
Traceback (most recent call last):
  File "B:\GitHub Repository\Marketing-And-Ecommerce-ELT\.venv\Lib\site-packages\sqlmesh\core\context.py", line 1764, in apply
    self._apply(plan, circuit_breaker)
    ~~~~~~~~~~~^^^^^^^^^^^^^^^^^^^^^^^
  File "B:\GitHub Repository\Marketing-And-Ecommerce-ELT\.venv\Lib\site-packages\sqlmesh\core\context.py", line 2557, in _apply
    self._scheduler.create_plan_evaluator(self).evaluate(
    ~~~~~~~~~~~~~~~~~~~~~~~~~~~~~~~~~~~~~~~~~~~~~~~~~~~~^
        plan.to_evaluatable(), circuit_breaker=circuit_breaker
        ^^^^^^^^^^^^^^^^^^^^^^^^^^^^^^^^^^^^^^^^^^^^^^^^^^^^^^
    )
    ^
  File "B:\GitHub Repository\Marketing-And-Ecommerce-ELT\.venv\Lib\site-packages\sqlmesh\core\plan\evaluator.py", line 105, in evaluate
    self._evaluate_stages(plan_stages, plan)
    ~~~~~~~~~~~~~~~~~~~~~^^^^^^^^^^^^^^^^^^^
  File "B:\GitHub Repository\Marketing-And-Ecommerce-ELT\.venv\Lib\site-packages\sqlmesh\core\plan\evaluator.py", line 125, in _evaluate_stages
    handler(stage, plan)
    ~~~~~~~^^^^^^^^^^^^^
  File "B:\GitHub Repository\Marketing-And-Ecommerce-ELT\.venv\Lib\site-packages\sqlmesh\core\plan\evaluator.py", line 264, in visit_backfill_stage
    raise PlanError("Plan application failed.")
sqlmesh.utils.errors.PlanError: Plan application failed.
2025-12-13 16:03:05,577 - MainThread - root - INFO - Shutting down the event dispatcher (dispatcher.py:159)
